<?xml version="1.0" encoding="UTF-8"?>
<!-- Generated by org.testng.reporters.JUnitReportReporter -->
<testsuite hostname="DESKTOP-M8OM3GQ" failures="0" tests="1" name="runner.Testcase2" time="11.731" errors="0" timestamp="2023-09-29T17:28:07 IST" skipped="0">
  <testcase classname="runner.Testcase2" name="clothpg" time="11.731"/>
</testsuite> <!-- runner.Testcase2 -->
