<?xml version="1.0" encoding="UTF-8"?>
<!-- Generated by org.testng.reporters.JUnitReportReporter -->
<testsuite hostname="DESKTOP-M8OM3GQ" failures="0" tests="1" name="runner.Testcase1" time="10.989" errors="0" timestamp="2023-09-29T17:29:44 IST" skipped="0">
  <testcase classname="runner.Testcase1" name="toyspg" time="10.989"/>
</testsuite> <!-- runner.Testcase1 -->
