<?xml version="1.0" encoding="UTF-8"?>
<!-- Generated by org.testng.reporters.JUnitReportReporter -->
<testsuite hostname="DESKTOP-M8OM3GQ" failures="0" tests="1" name="runner.Testcase3" time="13.969" errors="0" timestamp="2023-09-29T17:26:20 IST" skipped="0">
  <testcase classname="runner.Testcase3" name="cartpg" time="13.969"/>
</testsuite> <!-- runner.Testcase3 -->
