<?xml version="1.0" encoding="UTF-8"?>
<!-- Generated by org.testng.reporters.JUnitReportReporter -->
<testsuite hostname="beeafcabeefc305607860caddfedbbbeone-0" failures="0" tests="1" name="runner.Testcase3" time="17.200" errors="0" timestamp="2023-09-29T19:55:09 UTC" skipped="0">
  <testcase classname="runner.Testcase3" name="cartpg" time="17.200"/>
</testsuite> <!-- runner.Testcase3 -->
